{
  "RSpec": {
    "coverage": {
      "/Users/francescofacca/Projects/band-pass-filter/spec/frequency_filter_spec.rb": {
        "lines": [
          1,
          null,
          1,
          null,
          4,
          null,
          1,
          1,
          null,
          null,
          1,
          1,
          null,
          null,
          1,
          1,
          null,
          null,
          null
        ]
      },
      "/Users/francescofacca/Projects/band-pass-filter/lib/frequency_filter.rb": {
        "lines": [
          1,
          null,
          1,
          null,
          3,
          6,
          1,
          null,
          5,
          null,
          null,
          null,
          3,
          null,
          null,
          null
        ]
      }
    },
    "timestamp": 1631188906
  }
}
